=> Loading Rails...
** Rails loaded.
** Starting Workling::Starling::Poller...
** Use CTRL-C to stop.
** Starting Workling::Starling::Client for WorkoutsWorker queue
** Exiting
=> Loading Rails...
** Rails loaded.
** Starting Workling::Starling::Poller...
** Use CTRL-C to stop.
** Starting Workling::Starling::Client for WorkoutsWorker queue
***********************************
Calling workout workter.
/Users/andrew/Devel/rails/interval/app/models/training_file.rb:5: warning: already initialized constant SRM
** Exiting
=> Loading Rails...
** Rails loaded.
** Starting Workling::Starling::Poller...
** Use CTRL-C to stop.
** Starting Workling::Starling::Client for WorkoutsWorker queue
** Exiting
=> Loading Rails...
** Rails loaded.
** Starting Workling::Starling::Poller...
** Use CTRL-C to stop.
** Starting Workling::Starling::Client for WorkoutsWorker queue
***********************************
Calling workout workter.
/Users/andrew/Devel/rails/interval/app/models/training_file.rb:5: warning: already initialized constant SRM
** Exiting
